0 info it worked if it ends with ok
1 verbose cli [ 'C:\\Program Files\\nodejs\\node.exe',
1 verbose cli   'C:\\Program Files\\nodejs\\node_modules\\npm\\bin\\npm-cli.js',
1 verbose cli   'start' ]
2 info using npm@3.10.10
3 info using node@v6.11.2
4 verbose run-script [ 'prestart', 'start', 'poststart' ]
5 info lifecycle commonbrain@1.0.0~prestart: commonbrain@1.0.0
6 silly lifecycle commonbrain@1.0.0~prestart: no script for prestart, continuing
7 info lifecycle commonbrain@1.0.0~start: commonbrain@1.0.0
8 verbose lifecycle commonbrain@1.0.0~start: unsafe-perm in lifecycle true
9 verbose lifecycle commonbrain@1.0.0~start: PATH: C:\Program Files\nodejs\node_modules\npm\bin\node-gyp-bin;C:\Users\Dex\Desktop\CB_React\node_modules\.bin;C:\Program Files (x86)\Common Files\Intel\Shared Libraries\redist\intel64\compiler;C:\ProgramData\Oracle\Java\javapath;C:\Windows\system32;C:\Windows;C:\Windows\System32\Wbem;C:\Windows\System32\WindowsPowerShell\v1.0\;C:\Program Files (x86)\NVIDIA Corporation\PhysX\Common;C:\Program Files (x86)\Skype\Phone\;C:\Program Files\nodejs\;C:\Program Files\Git\cmd;C:\Program Files\PuTTY\;C:\Users\Dex\AppData\Local\Microsoft\WindowsApps;C:\Users\Dex\AppData\Local\GitHubDesktop\bin;C:\Users\Dex\AppData\Roaming\npm;C:\Users\Dex\AppData\Local\atom\bin
10 verbose lifecycle commonbrain@1.0.0~start: CWD: C:\Users\Dex\Desktop\CB_React
11 silly lifecycle commonbrain@1.0.0~start: Args: [ '/d /s /c',
11 silly lifecycle   'concurrently "npm run server" "cd client && npm start"' ]
12 silly lifecycle commonbrain@1.0.0~start: Returned: code: 1  signal: null
13 info lifecycle commonbrain@1.0.0~start: Failed to exec start script
14 verbose stack Error: commonbrain@1.0.0 start: `concurrently "npm run server" "cd client && npm start"`
14 verbose stack Exit status 1
14 verbose stack     at EventEmitter.<anonymous> (C:\Program Files\nodejs\node_modules\npm\lib\utils\lifecycle.js:255:16)
14 verbose stack     at emitTwo (events.js:106:13)
14 verbose stack     at EventEmitter.emit (events.js:191:7)
14 verbose stack     at ChildProcess.<anonymous> (C:\Program Files\nodejs\node_modules\npm\lib\utils\spawn.js:40:14)
14 verbose stack     at emitTwo (events.js:106:13)
14 verbose stack     at ChildProcess.emit (events.js:191:7)
14 verbose stack     at maybeClose (internal/child_process.js:891:16)
14 verbose stack     at Process.ChildProcess._handle.onexit (internal/child_process.js:226:5)
15 verbose pkgid commonbrain@1.0.0
16 verbose cwd C:\Users\Dex\Desktop\CB_React
17 error Windows_NT 10.0.14393
18 error argv "C:\\Program Files\\nodejs\\node.exe" "C:\\Program Files\\nodejs\\node_modules\\npm\\bin\\npm-cli.js" "start"
19 error node v6.11.2
20 error npm  v3.10.10
21 error code ELIFECYCLE
22 error commonbrain@1.0.0 start: `concurrently "npm run server" "cd client && npm start"`
22 error Exit status 1
23 error Failed at the commonbrain@1.0.0 start script 'concurrently "npm run server" "cd client && npm start"'.
23 error Make sure you have the latest version of node.js and npm installed.
23 error If you do, this is most likely a problem with the commonbrain package,
23 error not with npm itself.
23 error Tell the author that this fails on your system:
23 error     concurrently "npm run server" "cd client && npm start"
23 error You can get information on how to open an issue for this project with:
23 error     npm bugs commonbrain
23 error Or if that isn't available, you can get their info via:
23 error     npm owner ls commonbrain
23 error There is likely additional logging output above.
24 verbose exit [ 1, true ]
